Build started 02.10.2016 16:35:16.
     1>Project "D:\Лабараторные работы OpenGL\Complete labs\project5\project1\project1.vcxproj" on node 2 (build target(s)).
     1>InitializeBuildStatus:
         Creating "Release\project5.unsuccessfulbuild" because "AlwaysCreate" was specified.
       ClCompile:
         C:\Program Files (x86)\Microsoft Visual Studio 10.0\VC\bin\CL.exe /c /I..\..\GL\include /Zi /nologo /W3 /WX- /MP /O2 /Oi /Oy- /GL /D _MBCS /Gm- /EHsc /MD /GS /Gy /fp:precise /Zc:wchar_t /Zc:forScope /Fo"Release\\" /Fd"Release\vc100.pdb" /Gd /TP /analyze- /errorReport:prompt ..\src\app.cpp
         app.cpp
     1>C:\Program Files (x86)\Microsoft SDKs\Windows\v7.0A\include\windef.h(126): warning C4005: 'APIENTRY' : macro redefinition
                 D:\Лабараторные работы OpenGL\Complete labs\GL\include\GLFW/glfw3.h(85) : see previous definition of 'APIENTRY'
     1>..\src\app.cpp(22): warning C4305: '+=' : truncation from 'double' to 'float'
     1>..\src\app.cpp(23): warning C4305: '-=' : truncation from 'double' to 'float'
     1>..\src\app.cpp(53): warning C4996: 'fopen': This function or variable may be unsafe. Consider using fopen_s instead. To disable deprecation, use _CRT_SECURE_NO_WARNINGS. See online help for details.
                 C:\Program Files (x86)\Microsoft Visual Studio 10.0\VC\include\stdio.h(234) : see declaration of 'fopen'
     1>..\src\app.cpp(118): warning C4996: 'fopen': This function or variable may be unsafe. Consider using fopen_s instead. To disable deprecation, use _CRT_SECURE_NO_WARNINGS. See online help for details.
                 C:\Program Files (x86)\Microsoft Visual Studio 10.0\VC\include\stdio.h(234) : see declaration of 'fopen'
     1>..\src\app.cpp(380): warning C4305: 'argument' : truncation from 'double' to 'float'
     1>..\src\app.cpp(380): warning C4305: 'argument' : truncation from 'double' to 'float'
       Link:
         C:\Program Files (x86)\Microsoft Visual Studio 10.0\VC\bin\link.exe /ERRORREPORT:PROMPT /OUT:"D:\Лабараторные работы OpenGL\Complete labs\project5\Release\project5.exe" /NOLOGO /LIBPATH:..\..\GL\lib glfw3dll.lib opengl32.lib glew32.lib kernel32.lib user32.lib gdi32.lib winspool.lib comdlg32.lib advapi32.lib shell32.lib ole32.lib oleaut32.lib uuid.lib odbc32.lib odbccp32.lib /MANIFEST /ManifestFile:"Release\project5.exe.intermediate.manifest" /MANIFESTUAC:"level='asInvoker' uiAccess='false'" /DEBUG /PDB:"D:\Лабараторные работы OpenGL\Complete labs\project5\Release\project5.pdb" /OPT:REF /OPT:ICF /LTCG /TLBID:1 /DYNAMICBASE /NXCOMPAT /IMPLIB:"D:\Лабараторные работы OpenGL\Complete labs\project5\Release\project5.lib" /MACHINE:X86 Release\GlslShader.obj
         Release\app.obj
         Release\main.obj
         Release\SimpleCamera.obj
         Generating code
         Finished generating code
         project1.vcxproj -> D:\Лабараторные работы OpenGL\Complete labs\project5\Release\project5.exe
       Manifest:
         C:\Program Files (x86)\Microsoft SDKs\Windows\v7.0A\bin\mt.exe /nologo /verbose /outputresource:"D:\Лабараторные работы OpenGL\Complete labs\project5\Release\project5.exe;#1" /manifest Release\project5.exe.intermediate.manifest
       PostBuildEvent:
         xcopy /e /i /y "D:\Лабараторные работы OpenGL\Complete labs\project5\project1\..\..\GL\bin\*.dll" "D:\Лабараторные работы OpenGL\Complete labs\project5\Release"
         :VCEnd
         D:\Лабараторные работы OpenGL\Complete labs\project5\project1\..\..\GL\bin\glew32.dll
         D:\Лабараторные работы OpenGL\Complete labs\project5\project1\..\..\GL\bin\glfw3.dll
         Скопировано файлов: 2.
       FinalizeBuildStatus:
         Deleting file "Release\project5.unsuccessfulbuild".
         Touching "Release\project5.lastbuildstate".
     1>Done Building Project "D:\Лабараторные работы OpenGL\Complete labs\project5\project1\project1.vcxproj" (build target(s)).

Build succeeded.

Time Elapsed 00:00:01.90
