  GlslShader.cpp
  app.cpp
C:\Program Files (x86)\Windows Kits\8.1\Include\shared\minwindef.h(130): warning C4005: APIENTRY: изменение макроопределения (компилируется исходный файл ..\..\GL\include\GlslShader.cpp)
  C:\OpenGL\Complete\GL\include\GLFW/glfw3.h(98): note: см. предыдущее определение "APIENTRY" (компилируется исходный файл ..\..\GL\include\GlslShader.cpp)
C:\Program Files (x86)\Windows Kits\8.1\Include\shared\minwindef.h(130): warning C4005: APIENTRY: изменение макроопределения (компилируется исходный файл ..\src\app.cpp)
  C:\OpenGL\Complete\GL\include\GLFW/glfw3.h(98): note: см. предыдущее определение "APIENTRY" (компилируется исходный файл ..\src\app.cpp)
..\..\GL\include\GlslShader.cpp(71): warning C4477: "printf": в строке форматирования "%s" требуется аргумент типа "char *", но вариативный аргумент "1" имеет тип "std::string"
c:\opengl\complete\lab3\src\app.h(21): warning C4305: инициализация: усечение из "double" к "float" (компилируется исходный файл ..\src\app.cpp)
..\src\app.cpp(17): warning C4305: +=: усечение из "double" к "float"
..\src\app.cpp(18): warning C4305: -=: усечение из "double" к "float"
..\src\app.cpp(21): warning C4305: +=: усечение из "double" к "float"
..\src\app.cpp(26): warning C4305: -=: усечение из "double" к "float"
GlslShader.obj : error LNK2001: неразрешенный внешний символ "__imp____glewUseProgram"
GlslShader.obj : error LNK2001: неразрешенный внешний символ "__imp____glewGetShaderiv"
GlslShader.obj : error LNK2001: неразрешенный внешний символ "__imp____glewCompileShader"
GlslShader.obj : error LNK2001: неразрешенный внешний символ "__imp____glewCreateShader"
GlslShader.obj : error LNK2001: неразрешенный внешний символ "__imp____glewCreateProgram"
GlslShader.obj : error LNK2001: неразрешенный внешний символ "__imp____glewGetShaderInfoLog"
GlslShader.obj : error LNK2001: неразрешенный внешний символ "__imp____glewGetProgramiv"
GlslShader.obj : error LNK2001: неразрешенный внешний символ "__imp____glewGetUniformLocation"
GlslShader.obj : error LNK2001: неразрешенный внешний символ "__imp____glewAttachShader"
GlslShader.obj : error LNK2001: неразрешенный внешний символ "__imp____glewShaderSource"
GlslShader.obj : error LNK2001: неразрешенный внешний символ "__imp____glewUniformMatrix4fv"
GlslShader.obj : error LNK2001: неразрешенный внешний символ "__imp____glewGetProgramInfoLog"
GlslShader.obj : error LNK2001: неразрешенный внешний символ "__imp____glewDeleteShader"
GlslShader.obj : error LNK2001: неразрешенный внешний символ "__imp____glewLinkProgram"
app.obj : error LNK2001: неразрешенный внешний символ "_glfwSwapBuffers"
app.obj : error LNK2001: неразрешенный внешний символ "__imp____glewEnableVertexAttribArray"
app.obj : error LNK2001: неразрешенный внешний символ "__imp____glewBindVertexArray"
app.obj : error LNK2001: неразрешенный внешний символ "__imp____glewVertexAttribPointer"
app.obj : error LNK2001: неразрешенный внешний символ "_glfwSwapInterval"
app.obj : error LNK2001: неразрешенный внешний символ "__imp____glewBindBuffer"
app.obj : error LNK2001: неразрешенный внешний символ "_glfwTerminate"
app.obj : error LNK2001: неразрешенный внешний символ "_glfwSetMouseButtonCallback"
app.obj : error LNK2001: неразрешенный внешний символ "_glfwPollEvents"
app.obj : error LNK2001: неразрешенный внешний символ "_glfwInit"
app.obj : error LNK2001: неразрешенный внешний символ "_glfwSetKeyCallback"
app.obj : error LNK2001: неразрешенный внешний символ "_glfwSetWindowShouldClose"
app.obj : error LNK2001: неразрешенный внешний символ "_glfwCreateWindow"
app.obj : error LNK2001: неразрешенный внешний символ "_glfwWindowHint"
app.obj : error LNK2001: неразрешенный внешний символ "_glfwMakeContextCurrent"
app.obj : error LNK2001: неразрешенный внешний символ "__imp____glewBufferData"
app.obj : error LNK2001: неразрешенный внешний символ "__imp____glewGenVertexArrays"
app.obj : error LNK2001: неразрешенный внешний символ "_glfwDestroyWindow"
app.obj : error LNK2001: неразрешенный внешний символ "__imp____glewDisableVertexAttribArray"
app.obj : error LNK2001: неразрешенный внешний символ "__imp____glewGenBuffers"
app.obj : error LNK2001: неразрешенный внешний символ "_glfwSetErrorCallback"
app.obj : error LNK2001: неразрешенный внешний символ "_glfwWindowShouldClose"
app.obj : error LNK2001: неразрешенный внешний символ "__imp__glewInit@0"
C:\OpenGL\Complete\Lab3\Release\Lab3.exe : fatal error LNK1120: неразрешенных внешних элементов: 37
