Сборка начата 14.12.2016 18:09:08.
     1>Проект "E:\OpenGL\Complete\Lab1\Lab1\Lab1.vcxproj" в узле 2 (целевые объекты Build).
     1>ClCompile:
         C:\Program Files (x86)\Microsoft Visual Studio 14.0\VC\bin\x86_amd64\CL.exe /c /I..\..\GL\include /Zi /nologo /W3 /WX- /sdl /MP /O2 /Oi /GL /D _MBCS /Gm- /EHsc /MD /GS /Gy /fp:precise /Zc:wchar_t /Zc:forScope /Zc:inline /Fo"x64\Release\\" /Fd"x64\Release\vc140.pdb" /Gd /TP /errorReport:prompt app.cpp
         app.cpp
       Link:
         C:\Program Files (x86)\Microsoft Visual Studio 14.0\VC\bin\x86_amd64\link.exe /ERRORREPORT:PROMPT /OUT:"E:\OpenGL\Complete\Lab1\x64\Release\Lab1.exe" /NOLOGO /LIBPATH:..\..\GL\lib glfw3dll.lib opengl32.lib kernel32.lib user32.lib gdi32.lib winspool.lib comdlg32.lib advapi32.lib shell32.lib ole32.lib oleaut32.lib uuid.lib odbc32.lib odbccp32.lib /MANIFEST /MANIFESTUAC:"level='asInvoker' uiAccess='false'" /manifest:embed /DEBUG /PDB:"E:\OpenGL\Complete\Lab1\x64\Release\Lab1.pdb" /OPT:REF /OPT:ICF /LTCG:incremental /TLBID:1 /DYNAMICBASE /NXCOMPAT /IMPLIB:"E:\OpenGL\Complete\Lab1\x64\Release\Lab1.lib" /MACHINE:X64 x64\Release\app.obj
         Создание кода
         All 14 functions were compiled because no usable IPDB/IOBJ from previous compilation was found.
         Создание кода завершено
         Lab1.vcxproj -> E:\OpenGL\Complete\Lab1\x64\Release\Lab1.exe
       PostBuildEvent:
         xcopy /e /i /y "..\..\GL\bin\*.dll" "E:\OpenGL\Complete\Lab1\\x64\Release"
         :VCEnd
         ..\..\GL\bin\glew32.dll
         ..\..\GL\bin\glfw3.dll
         Скопировано файлов: 2.
     1>Сборка проекта "E:\OpenGL\Complete\Lab1\Lab1\Lab1.vcxproj" завершена (целевые объекты Build).

Сборка успешно завершена.

Затраченное время: 00:00:10.34
