  GlslShader.cpp
C:\Program Files (x86)\Windows Kits\8.1\Include\shared\minwindef.h(130): warning C4005: APIENTRY: изменение макроопределения
  D:\OpenGL\Complete\GL\include\GLFW/glfw3.h(98): note: см. предыдущее определение "APIENTRY"
..\..\GL\include\GlslShader.cpp(65): warning C4477: "printf": в строке форматирования "%s" требуется аргумент типа "char *", но вариативный аргумент "1" имеет тип "std::string"
  app.cpp
C:\Program Files (x86)\Windows Kits\8.1\Include\shared\minwindef.h(130): warning C4005: APIENTRY: изменение макроопределения
  D:\OpenGL\Complete\GL\include\GLFW/glfw3.h(98): note: см. предыдущее определение "APIENTRY"
..\src\app.cpp(11): warning C4305: инициализация: усечение из "double" к "float"
..\src\app.cpp(177): warning C4305: аргумент: усечение из "double" к "float"
  main.cpp
C:\Program Files (x86)\Windows Kits\8.1\Include\shared\minwindef.h(130): warning C4005: APIENTRY: изменение макроопределения
  D:\OpenGL\Complete\GL\include\GLFW/glfw3.h(98): note: см. предыдущее определение "APIENTRY"
  SimpleCamera.cpp
C:\Program Files (x86)\Windows Kits\8.1\Include\shared\minwindef.h(130): warning C4005: APIENTRY: изменение макроопределения
  D:\OpenGL\Complete\GL\include\GLFW/glfw3.h(98): note: см. предыдущее определение "APIENTRY"
..\src\SimpleCamera.cpp(44): warning C4244: =: преобразование "double" в "float", возможна потеря данных
  Создание кода
  All 324 functions were compiled because no usable IPDB/IOBJ from previous compilation was found.
  Создание кода завершено
  Lab4.vcxproj -> D:\OpenGL\Complete\Lab4\x64\Release\Lab4.exe
  Lab4.vcxproj -> D:\OpenGL\Complete\Lab4\x64\Release\Lab4.pdb (Full PDB)
  ..\..\GL\bin\glew32.dll
  ..\..\GL\bin\glfw3.dll
  Скопировано файлов: 2.
