C:\Program Files (x86)\MSBuild\Microsoft.Cpp\v4.0\V140\Microsoft.CppBuild.targets(392,5): warning MSB8028: The intermediate directory (x64\Release\) contains files shared from another project (Lab5.vcxproj, Lab6.vcxproj, Lab7.vcxproj).  This can lead to incorrect clean and rebuild behavior.
  app.cpp
C:\Program Files (x86)\Windows Kits\8.1\Include\shared\minwindef.h(130): warning C4005: APIENTRY: изменение макроопределения
  E:\OpenGL\Complete\GL\include\GLFW/glfw3.h(98): note: см. предыдущее определение "APIENTRY"
..\src\app.cpp(11): warning C4305: инициализация: усечение из "double" к "float"
..\src\app.cpp(40): warning C4305: +=: усечение из "double" к "float"
..\src\app.cpp(41): warning C4305: -=: усечение из "double" к "float"
..\src\app.cpp(72): warning C4244: аргумент: преобразование "double" в "float", возможна потеря данных
..\src\app.cpp(74): warning C4305: аргумент: усечение из "double" к "float"
..\src\app.cpp(80): warning C4305: аргумент: усечение из "double" к "float"
..\src\app.cpp(88): warning C4305: аргумент: усечение из "double" к "float"
..\src\app.cpp(90): warning C4305: аргумент: усечение из "double" к "float"
..\src\app.cpp(97): warning C4305: аргумент: усечение из "double" к "float"
..\src\app.cpp(142): warning C4305: аргумент: усечение из "double" к "float"
  Создание кода
  32 of 863 functions ( 3.7%) were compiled, the rest were copied from previous compilation.
    0 functions were new in current compilation
    7 functions had inline decision re-evaluated but remain unchanged
  Создание кода завершено
  Lab4.vcxproj -> E:\OpenGL\Complete\Lab8\x64\Release\Lab8.exe
  Lab4.vcxproj -> E:\OpenGL\Complete\Lab8\x64\Release\Lab8.pdb (Full PDB)
  ..\..\GL\bin\glew32.dll
  ..\..\GL\bin\glfw3.dll
  Скопировано файлов: 2.
