C:\Program Files (x86)\MSBuild\Microsoft.Cpp\v4.0\V140\Microsoft.CppBuild.targets(392,5): warning MSB8028: The intermediate directory (x64\Release\) contains files shared from another project (Lab5.vcxproj, Lab6.vcxproj).  This can lead to incorrect clean and rebuild behavior.
  GlslShader.cpp
C:\Program Files (x86)\Windows Kits\8.1\Include\shared\minwindef.h(130): warning C4005: APIENTRY: изменение макроопределения
  D:\OpenGL\Complete\GL\include\GLFW/glfw3.h(98): note: см. предыдущее определение "APIENTRY"
..\..\GL\include\GlslShader.cpp(65): warning C4477: "printf": в строке форматирования "%s" требуется аргумент типа "char *", но вариативный аргумент "1" имеет тип "std::string"
  app.cpp
C:\Program Files (x86)\Windows Kits\8.1\Include\shared\minwindef.h(130): warning C4005: APIENTRY: изменение макроопределения
  D:\OpenGL\Complete\GL\include\GLFW/glfw3.h(98): note: см. предыдущее определение "APIENTRY"
..\src\app.cpp(11): warning C4305: инициализация: усечение из "double" к "float"
..\src\app.cpp(40): warning C4305: +=: усечение из "double" к "float"
..\src\app.cpp(41): warning C4305: -=: усечение из "double" к "float"
..\src\app.cpp(70): warning C4244: аргумент: преобразование "double" в "float", возможна потеря данных
..\src\app.cpp(72): warning C4305: аргумент: усечение из "double" к "float"
..\src\app.cpp(78): warning C4305: аргумент: усечение из "double" к "float"
..\src\app.cpp(85): warning C4305: аргумент: усечение из "double" к "float"
..\src\app.cpp(87): warning C4305: аргумент: усечение из "double" к "float"
..\src\app.cpp(131): warning C4305: аргумент: усечение из "double" к "float"
  main.cpp
C:\Program Files (x86)\Windows Kits\8.1\Include\shared\minwindef.h(130): warning C4005: APIENTRY: изменение макроопределения
  D:\OpenGL\Complete\GL\include\GLFW/glfw3.h(98): note: см. предыдущее определение "APIENTRY"
  SimpleCamera.cpp
C:\Program Files (x86)\Windows Kits\8.1\Include\shared\minwindef.h(130): warning C4005: APIENTRY: изменение макроопределения
  D:\OpenGL\Complete\GL\include\GLFW/glfw3.h(98): note: см. предыдущее определение "APIENTRY"
..\src\SimpleCamera.cpp(48): warning C4244: =: преобразование "double" в "float", возможна потеря данных
  SimpleLoaderCollada3D.cpp
C:\Program Files (x86)\Windows Kits\8.1\Include\shared\minwindef.h(130): warning C4005: APIENTRY: изменение макроопределения
  D:\OpenGL\Complete\GL\include\GLFW/glfw3.h(98): note: см. предыдущее определение "APIENTRY"
..\src\SimpleLoaderCollada3D.cpp(45): warning C4267: аргумент: преобразование из "size_t" в "GLsizei"; возможна потеря данных
..\src\SimpleLoaderCollada3D.cpp(65): warning C4244: инициализация: преобразование "double" в "float", возможна потеря данных
  SimplePointLight.cpp
C:\Program Files (x86)\Windows Kits\8.1\Include\shared\minwindef.h(130): warning C4005: APIENTRY: изменение макроопределения
  D:\OpenGL\Complete\GL\include\GLFW/glfw3.h(98): note: см. предыдущее определение "APIENTRY"
..\src\SimplePointLight.cpp(119): warning C4244: =: преобразование "double" в "float", возможна потеря данных
..\src\SimplePointLight.cpp(132): warning C4305: инициализация: усечение из "double" к "float"
..\src\SimplePointLight.cpp(149): warning C4244: =: преобразование "double" в "float", возможна потеря данных
  Skybox.cpp
C:\Program Files (x86)\Windows Kits\8.1\Include\shared\minwindef.h(130): warning C4005: APIENTRY: изменение макроопределения
  D:\OpenGL\Complete\GL\include\GLFW/glfw3.h(98): note: см. предыдущее определение "APIENTRY"
  Создание кода
  34 of 858 functions ( 4.0%) were compiled, the rest were copied from previous compilation.
    0 functions were new in current compilation
    20 functions had inline decision re-evaluated but remain unchanged
  Создание кода завершено
  Lab4.vcxproj -> D:\OpenGL\Complete\Lab7\x64\Release\Lab7.exe
  Lab4.vcxproj -> D:\OpenGL\Complete\Lab7\x64\Release\Lab7.pdb (Full PDB)
  ..\..\GL\bin\glew32.dll
  ..\..\GL\bin\glfw3.dll
  Скопировано файлов: 2.
